<?xml version="1.0" encoding="UTF-8"?>
<!-- Generated by org.testng.reporters.JUnitXMLReporter -->
<testsuite hostname="mukthara-a01.vmware.com" name="Surefire test" tests="4" failures="0" timestamp="30 Jun 2018 09:05:40 GMT" time="0.078" errors="0">
  <testcase name="Test1" time="0.013" classname="org.muks.fsm.AppTest"/>
  <testcase name="TestAddSignals" time="0.036" classname="org.muks.fsm.metadata.TestEventActions"/>
  <testcase name="TestEvent" time="0.001" classname="org.muks.fsm.metadata.TestEventActions"/>
  <testcase name="TestStateCalls" time="0.002" classname="org.muks.fsm.metadata.TestStates"/>
</testsuite> <!-- Surefire test -->
