<?xml version="1.0" encoding="UTF-8"?>
<testng-results skipped="0" failed="0" total="1" passed="1">
  <reporter-output>
  </reporter-output>
  <suite name="Surefire suite" duration-ms="33" started-at="2018-06-30T05:29:07Z" finished-at="2018-06-30T05:29:07Z">
    <groups>
    </groups>
    <test name="Surefire test" duration-ms="33" started-at="2018-06-30T05:29:07Z" finished-at="2018-06-30T05:29:07Z">
      <class name="org.muks.scm.AppTest">
        <test-method status="PASS" signature="Test1()[pri:0, instance:org.muks.scm.AppTest@7b227d8d]" name="Test1" duration-ms="14" started-at="2018-06-30T10:59:07Z" finished-at="2018-06-30T10:59:07Z">
          <reporter-output>
          </reporter-output>
        </test-method> <!-- Test1 -->
      </class> <!-- org.muks.scm.AppTest -->
    </test> <!-- Surefire test -->
  </suite> <!-- Surefire suite -->
</testng-results>
