<?xml version="1.0" encoding="UTF-8"?>
<testng-results skipped="0" failed="0" total="4" passed="4">
  <reporter-output>
  </reporter-output>
  <suite name="Surefire suite" duration-ms="78" started-at="2018-06-30T09:05:40Z" finished-at="2018-06-30T09:05:40Z">
    <groups>
    </groups>
    <test name="Surefire test" duration-ms="78" started-at="2018-06-30T09:05:40Z" finished-at="2018-06-30T09:05:40Z">
      <class name="org.muks.fsm.metadata.TestEventActions">
        <test-method status="PASS" signature="TestAddSignals()[pri:0, instance:org.muks.fsm.metadata.TestEventActions@7d0b7e3c]" name="TestAddSignals" duration-ms="36" started-at="2018-06-30T14:35:40Z" finished-at="2018-06-30T14:35:40Z">
          <reporter-output>
          </reporter-output>
        </test-method> <!-- TestAddSignals -->
        <test-method status="PASS" signature="TestEvent()[pri:0, instance:org.muks.fsm.metadata.TestEventActions@7d0b7e3c]" name="TestEvent" duration-ms="1" started-at="2018-06-30T14:35:40Z" finished-at="2018-06-30T14:35:40Z">
          <reporter-output>
          </reporter-output>
        </test-method> <!-- TestEvent -->
      </class> <!-- org.muks.fsm.metadata.TestEventActions -->
      <class name="org.muks.fsm.metadata.TestStates">
        <test-method status="PASS" signature="TestStateCalls()[pri:0, instance:org.muks.fsm.metadata.TestStates@15bb5034]" name="TestStateCalls" duration-ms="2" started-at="2018-06-30T14:35:40Z" finished-at="2018-06-30T14:35:40Z">
          <reporter-output>
          </reporter-output>
        </test-method> <!-- TestStateCalls -->
      </class> <!-- org.muks.fsm.metadata.TestStates -->
      <class name="org.muks.fsm.AppTest">
        <test-method status="PASS" signature="Test1()[pri:0, instance:org.muks.fsm.AppTest@6892b3b6]" name="Test1" duration-ms="13" started-at="2018-06-30T14:35:40Z" finished-at="2018-06-30T14:35:40Z">
          <reporter-output>
          </reporter-output>
        </test-method> <!-- Test1 -->
      </class> <!-- org.muks.fsm.AppTest -->
    </test> <!-- Surefire test -->
  </suite> <!-- Surefire suite -->
</testng-results>
